<?xml version="1.0" encoding="UTF-8"?>
<testng-results ignored="0" total="1" passed="1" failed="0" skipped="0">
  <reporter-output>
  </reporter-output>
  <suite started-at="2023-06-08T21:02:52 MSK" name="Gradle suite" finished-at="2023-06-08T21:02:52 MSK" duration-ms="27">
    <groups>
    </groups>
    <test started-at="2023-06-08T21:02:52 MSK" name="Gradle test" finished-at="2023-06-08T21:02:52 MSK" duration-ms="27">
      <class name="Tests">
        <test-method signature="equalse()[pri:0, instance:Tests@37858383]" started-at="2023-06-08T21:02:52 MSK" name="equalse" finished-at="2023-06-08T21:02:52 MSK" duration-ms="15" status="PASS">
          <reporter-output>
          </reporter-output>
        </test-method> <!-- equalse -->
      </class> <!-- Tests -->
    </test> <!-- Gradle test -->
  </suite> <!-- Gradle suite -->
</testng-results>
